[ 2017-08-26T19:48:03+08:00 ] 127.0.0.1 www.jetbrains.com:443
INFO: [ app_init ] --START--
INFO: Run Behavior\BuildLiteBehavior [ RunTime:0.000047s ]
INFO: [ app_init ] --END-- [ RunTime:0.017909s ]
INFO: [ app_begin ] --START--
INFO: Run Behavior\ReadHtmlCacheBehavior [ RunTime:0.038454s ]
INFO: [ app_begin ] --END-- [ RunTime:0.038735s ]
INFO: [ view_parse ] --START--
INFO: [ template_filter ] --START--
INFO: Run Behavior\ContentReplaceBehavior [ RunTime:0.000164s ]
INFO: [ template_filter ] --END-- [ RunTime:0.000355s ]
NOTIC: [8] Undefined variable: error D:\PHP\hy\Application\Runtime\Cache\Home\3efa69c14f95fe73f9f4474b7507b1ea.php 第 66 行.
NOTIC: [8] Undefined variable: success D:\PHP\hy\Application\Runtime\Cache\Home\3efa69c14f95fe73f9f4474b7507b1ea.php 第 67 行.
INFO: Run Behavior\ParseTemplateBehavior [ RunTime:0.446075s ]
INFO: [ view_parse ] --END-- [ RunTime:0.446364s ]
INFO: [ view_filter ] --START--
INFO: Run Behavior\WriteHtmlCacheBehavior [ RunTime:0.122900s ]
INFO: Run Behavior\TokenBuildBehavior [ RunTime:0.045751s ]
INFO: [ view_filter ] --END-- [ RunTime:0.169095s ]
INFO: [ app_end ] --START--
INFO: Run Behavior\ShowPageTraceBehavior [ RunTime:0.019762s ]
INFO: [ app_end ] --END-- [ RunTime:0.019975s ]

[ 2017-08-26T19:48:14+08:00 ] 127.0.0.1 plugins.jetbrains.com:443
INFO: [ app_init ] --START--
INFO: Run Behavior\BuildLiteBehavior [ RunTime:0.000037s ]
INFO: [ app_init ] --END-- [ RunTime:0.000647s ]
INFO: [ app_begin ] --START--
INFO: Run Behavior\ReadHtmlCacheBehavior [ RunTime:0.000861s ]
INFO: [ app_begin ] --END-- [ RunTime:0.001105s ]
INFO: [ view_parse ] --START--
INFO: [ template_filter ] --START--
INFO: Run Behavior\ContentReplaceBehavior [ RunTime:0.000167s ]
INFO: [ template_filter ] --END-- [ RunTime:0.000568s ]
NOTIC: [8] Undefined variable: error D:\PHP\hy\Application\Runtime\Cache\Home\3efa69c14f95fe73f9f4474b7507b1ea.php 第 66 行.
NOTIC: [8] Undefined variable: success D:\PHP\hy\Application\Runtime\Cache\Home\3efa69c14f95fe73f9f4474b7507b1ea.php 第 67 行.
INFO: Run Behavior\ParseTemplateBehavior [ RunTime:0.085089s ]
INFO: [ view_parse ] --END-- [ RunTime:0.085299s ]
INFO: [ view_filter ] --START--
INFO: Run Behavior\WriteHtmlCacheBehavior [ RunTime:0.000573s ]
INFO: Run Behavior\TokenBuildBehavior [ RunTime:0.001423s ]
INFO: [ view_filter ] --END-- [ RunTime:0.026867s ]
INFO: [ app_end ] --START--
INFO: Run Behavior\ShowPageTraceBehavior [ RunTime:0.000960s ]
INFO: [ app_end ] --END-- [ RunTime:0.001166s ]

[ 2017-08-26T19:48:21+08:00 ] ::1 /
INFO: [ app_init ] --START--
INFO: Run Behavior\BuildLiteBehavior [ RunTime:0.000023s ]
INFO: [ app_init ] --END-- [ RunTime:0.000371s ]
INFO: [ app_begin ] --START--
INFO: Run Behavior\ReadHtmlCacheBehavior [ RunTime:0.000487s ]
INFO: [ app_begin ] --END-- [ RunTime:0.000607s ]
INFO: [ view_parse ] --START--
INFO: [ template_filter ] --START--
INFO: Run Behavior\ContentReplaceBehavior [ RunTime:0.000162s ]
INFO: [ template_filter ] --END-- [ RunTime:0.000383s ]
NOTIC: [8] Undefined variable: error D:\PHP\hy\Application\Runtime\Cache\Home\3efa69c14f95fe73f9f4474b7507b1ea.php 第 66 行.
NOTIC: [8] Undefined variable: success D:\PHP\hy\Application\Runtime\Cache\Home\3efa69c14f95fe73f9f4474b7507b1ea.php 第 67 行.
INFO: Run Behavior\ParseTemplateBehavior [ RunTime:0.013783s ]
INFO: [ view_parse ] --END-- [ RunTime:0.013899s ]
INFO: [ view_filter ] --START--
INFO: Run Behavior\WriteHtmlCacheBehavior [ RunTime:0.000372s ]
INFO: Run Behavior\TokenBuildBehavior [ RunTime:0.000954s ]
INFO: [ view_filter ] --END-- [ RunTime:0.001537s ]
INFO: [ app_end ] --START--
INFO: Run Behavior\ShowPageTraceBehavior [ RunTime:0.000685s ]
INFO: [ app_end ] --END-- [ RunTime:0.000903s ]

[ 2017-08-26T19:48:21+08:00 ] ::1 /index.php/Home/Index/verify_c.html
INFO: [ app_init ] --START--
INFO: Run Behavior\BuildLiteBehavior [ RunTime:0.000037s ]
INFO: [ app_init ] --END-- [ RunTime:0.000611s ]
INFO: [ app_begin ] --START--
INFO: Run Behavior\ReadHtmlCacheBehavior [ RunTime:0.000816s ]
INFO: [ app_begin ] --END-- [ RunTime:0.001018s ]
INFO: [ app_end ] --START--
INFO: Run Behavior\ShowPageTraceBehavior [ RunTime:0.000854s ]
INFO: [ app_end ] --END-- [ RunTime:0.001114s ]

[ 2017-08-26T19:48:21+08:00 ] ::1 /
INFO: [ app_init ] --START--
INFO: Run Behavior\BuildLiteBehavior [ RunTime:0.000050s ]
INFO: [ app_init ] --END-- [ RunTime:0.000887s ]
INFO: [ app_begin ] --START--
INFO: Run Behavior\ReadHtmlCacheBehavior [ RunTime:0.001158s ]
INFO: [ app_begin ] --END-- [ RunTime:0.001404s ]
INFO: [ view_parse ] --START--
INFO: [ template_filter ] --START--
INFO: Run Behavior\ContentReplaceBehavior [ RunTime:0.000139s ]
INFO: [ template_filter ] --END-- [ RunTime:0.000413s ]
NOTIC: [8] Undefined variable: error D:\PHP\hy\Application\Runtime\Cache\Home\3efa69c14f95fe73f9f4474b7507b1ea.php 第 66 行.
NOTIC: [8] Undefined variable: success D:\PHP\hy\Application\Runtime\Cache\Home\3efa69c14f95fe73f9f4474b7507b1ea.php 第 67 行.
INFO: Run Behavior\ParseTemplateBehavior [ RunTime:0.013540s ]
INFO: [ view_parse ] --END-- [ RunTime:0.013770s ]
INFO: [ view_filter ] --START--
INFO: Run Behavior\WriteHtmlCacheBehavior [ RunTime:0.000913s ]
INFO: Run Behavior\TokenBuildBehavior [ RunTime:0.001217s ]
INFO: [ view_filter ] --END-- [ RunTime:0.002422s ]
INFO: [ app_end ] --START--
INFO: Run Behavior\ShowPageTraceBehavior [ RunTime:0.000989s ]
INFO: [ app_end ] --END-- [ RunTime:0.001154s ]

[ 2017-08-26T19:48:21+08:00 ] ::1 /index.php/Home/Index/verify_c.html
INFO: [ app_init ] --START--
INFO: Run Behavior\BuildLiteBehavior [ RunTime:0.000065s ]
INFO: [ app_init ] --END-- [ RunTime:0.000839s ]
INFO: [ app_begin ] --START--
INFO: Run Behavior\ReadHtmlCacheBehavior [ RunTime:0.001165s ]
INFO: [ app_begin ] --END-- [ RunTime:0.001563s ]
INFO: [ app_end ] --START--
INFO: Run Behavior\ShowPageTraceBehavior [ RunTime:0.000837s ]
INFO: [ app_end ] --END-- [ RunTime:0.001018s ]

[ 2017-08-26T19:49:11+08:00 ] ::1 /index.php/Home/shop/index
INFO: [ app_init ] --START--
INFO: Run Behavior\BuildLiteBehavior [ RunTime:0.000022s ]
INFO: [ app_init ] --END-- [ RunTime:0.000388s ]
INFO: [ app_begin ] --START--
INFO: Run Behavior\ReadHtmlCacheBehavior [ RunTime:0.000526s ]
INFO: [ app_begin ] --END-- [ RunTime:0.000659s ]
NOTIC: [2048] Declaration of Home\Controller\ShopController::show() should be compatible with Think\Controller::show($content, $charset = '', $contentType = '', $prefix = '') D:\PHP\hy\Application\Home\Controller\ShopController.class.php 第 711 行.
SQL: SHOW COLUMNS FROM `t_shop` [ RunTime:0.0008s ]
SQL: SELECT * FROM `t_shop` WHERE `s_username` = 'shop'  [ RunTime:0.0004s ]
NOTIC: [8] Undefined index: s_session D:\PHP\hy\Application\Home\Controller\ShopController.class.php 第 74 行.
SQL: SHOW COLUMNS FROM `t_record` [ RunTime:0.0006s ]
SQL: SELECT SUM(grade) AS tp_sum FROM `t_record` WHERE `s_id` = 1 AND `gradetype` = 'N' LIMIT 1   [ RunTime:0.0003s ]
SQL: SELECT SUM(grade) AS tp_sum FROM `t_record` WHERE `s_id` = 1 AND `gradetype` = 'N' AND `gradetime` LIKE '2017-08-26%' LIMIT 1   [ RunTime:0.0003s ]
SQL: SELECT SUM(grade) AS tp_sum FROM `t_record` WHERE `s_id` = 1 AND `gradetype` = 'Y' LIMIT 1   [ RunTime:0.0002s ]
SQL: SELECT SUM(grade) AS tp_sum FROM `t_record` WHERE `s_id` = 1 AND `gradetype` = 'Y' AND `gradetime` LIKE '2017-08-26%' LIMIT 1   [ RunTime:0.0002s ]
SQL: SELECT COUNT(*) AS tp_count FROM `t_shop` INNER JOIN t_shop_member ON t_shop.id = t_shop_member.s_id INNER JOIN t_member ON t_shop_member.m_id = t_member.id  WHERE t_shop.id = '1' LIMIT 1   [ RunTime:0.0003s ]
SQL: SELECT COUNT(*) AS tp_count FROM `t_shop` INNER JOIN t_shop_member ON t_shop.id = t_shop_member.s_id INNER JOIN t_member ON t_shop_member.m_id = t_member.id  WHERE t_shop.id = '1' AND t_member.create_at LIKE '2017-08-26%' LIMIT 1   [ RunTime:0.0003s ]
SQL: SELECT `m_id`,sum(grade) as grade FROM `t_record` WHERE `s_id` = 1 AND `gradetype` = 'Y' GROUP BY m_id  [ RunTime:0.0002s ]
SQL: SHOW COLUMNS FROM `t_member` [ RunTime:0.0007s ]
SQL: SELECT `m_id`,sum(grade) as grade FROM `t_record` WHERE `s_id` = 1 AND `gradetype` = 'N' GROUP BY m_id  [ RunTime:0.0002s ]
INFO: [ view_parse ] --START--
INFO: [ template_filter ] --START--
INFO: Run Behavior\ContentReplaceBehavior [ RunTime:0.000285s ]
INFO: [ template_filter ] --END-- [ RunTime:0.000396s ]
NOTIC: [8] Undefined variable: recordMax D:\PHP\hy\Application\Runtime\Cache\Home\65c76876f326992d4c6c9d868b691e51.php 第 529 行.
NOTIC: [8] Undefined variable: recordMax D:\PHP\hy\Application\Runtime\Cache\Home\65c76876f326992d4c6c9d868b691e51.php 第 531 行.
NOTIC: [8] Undefined variable: recordMin D:\PHP\hy\Application\Runtime\Cache\Home\65c76876f326992d4c6c9d868b691e51.php 第 541 行.
NOTIC: [8] Undefined variable: recordMin D:\PHP\hy\Application\Runtime\Cache\Home\65c76876f326992d4c6c9d868b691e51.php 第 543 行.
NOTIC: [8] Undefined variable: consumeMax D:\PHP\hy\Application\Runtime\Cache\Home\65c76876f326992d4c6c9d868b691e51.php 第 561 行.
NOTIC: [8] Undefined variable: consumeMax D:\PHP\hy\Application\Runtime\Cache\Home\65c76876f326992d4c6c9d868b691e51.php 第 563 行.
NOTIC: [8] Undefined variable: consumeMin D:\PHP\hy\Application\Runtime\Cache\Home\65c76876f326992d4c6c9d868b691e51.php 第 573 行.
NOTIC: [8] Undefined variable: nsumeMin D:\PHP\hy\Application\Runtime\Cache\Home\65c76876f326992d4c6c9d868b691e51.php 第 575 行.
NOTIC: [8] Undefined variable: messages D:\PHP\hy\Application\Runtime\Cache\Home\65c76876f326992d4c6c9d868b691e51.php 第 645 行.
NOTIC: [8] Undefined variable: page D:\PHP\hy\Application\Runtime\Cache\Home\65c76876f326992d4c6c9d868b691e51.php 第 652 行.
INFO: Run Behavior\ParseTemplateBehavior [ RunTime:0.138123s ]
INFO: [ view_parse ] --END-- [ RunTime:0.138237s ]
INFO: [ view_filter ] --START--
INFO: Run Behavior\WriteHtmlCacheBehavior [ RunTime:0.000387s ]
INFO: Run Behavior\TokenBuildBehavior [ RunTime:0.001866s ]
INFO: [ view_filter ] --END-- [ RunTime:0.002411s ]
INFO: [ app_end ] --START--
INFO: Run Behavior\ShowPageTraceBehavior [ RunTime:0.000796s ]
INFO: [ app_end ] --END-- [ RunTime:0.000969s ]

[ 2017-08-26T19:49:11+08:00 ] ::1 /index.php/Home/shop/index
INFO: [ app_init ] --START--
INFO: Run Behavior\BuildLiteBehavior [ RunTime:0.000033s ]
INFO: [ app_init ] --END-- [ RunTime:0.000533s ]
INFO: [ app_begin ] --START--
INFO: Run Behavior\ReadHtmlCacheBehavior [ RunTime:0.000718s ]
INFO: [ app_begin ] --END-- [ RunTime:0.000894s ]
NOTIC: [2048] Declaration of Home\Controller\ShopController::show() should be compatible with Think\Controller::show($content, $charset = '', $contentType = '', $prefix = '') D:\PHP\hy\Application\Home\Controller\ShopController.class.php 第 711 行.
SQL: SHOW COLUMNS FROM `t_shop` [ RunTime:0.0006s ]
SQL: SHOW COLUMNS FROM `t_record` [ RunTime:0.0006s ]
SQL: SELECT SUM(grade) AS tp_sum FROM `t_record` WHERE `s_id` = 1 AND `gradetype` = 'N' LIMIT 1   [ RunTime:0.0003s ]
SQL: SELECT SUM(grade) AS tp_sum FROM `t_record` WHERE `s_id` = 1 AND `gradetype` = 'N' AND `gradetime` LIKE '2017-08-26%' LIMIT 1   [ RunTime:0.0003s ]
SQL: SELECT SUM(grade) AS tp_sum FROM `t_record` WHERE `s_id` = 1 AND `gradetype` = 'Y' LIMIT 1   [ RunTime:0.0003s ]
SQL: SELECT SUM(grade) AS tp_sum FROM `t_record` WHERE `s_id` = 1 AND `gradetype` = 'Y' AND `gradetime` LIKE '2017-08-26%' LIMIT 1   [ RunTime:0.0003s ]
SQL: SELECT COUNT(*) AS tp_count FROM `t_shop` INNER JOIN t_shop_member ON t_shop.id = t_shop_member.s_id INNER JOIN t_member ON t_shop_member.m_id = t_member.id  WHERE t_shop.id = '1' LIMIT 1   [ RunTime:0.0003s ]
SQL: SELECT COUNT(*) AS tp_count FROM `t_shop` INNER JOIN t_shop_member ON t_shop.id = t_shop_member.s_id INNER JOIN t_member ON t_shop_member.m_id = t_member.id  WHERE t_shop.id = '1' AND t_member.create_at LIKE '2017-08-26%' LIMIT 1   [ RunTime:0.0003s ]
SQL: SELECT `m_id`,sum(grade) as grade FROM `t_record` WHERE `s_id` = 1 AND `gradetype` = 'Y' GROUP BY m_id  [ RunTime:0.0003s ]
SQL: SHOW COLUMNS FROM `t_member` [ RunTime:0.0008s ]
SQL: SELECT `m_id`,sum(grade) as grade FROM `t_record` WHERE `s_id` = 1 AND `gradetype` = 'N' GROUP BY m_id  [ RunTime:0.0002s ]
INFO: [ view_parse ] --START--
INFO: [ template_filter ] --START--
INFO: Run Behavior\ContentReplaceBehavior [ RunTime:0.000248s ]
INFO: [ template_filter ] --END-- [ RunTime:0.000351s ]
NOTIC: [8] Undefined variable: recordMax D:\PHP\hy\Application\Runtime\Cache\Home\65c76876f326992d4c6c9d868b691e51.php 第 529 行.
NOTIC: [8] Undefined variable: recordMax D:\PHP\hy\Application\Runtime\Cache\Home\65c76876f326992d4c6c9d868b691e51.php 第 531 行.
NOTIC: [8] Undefined variable: recordMin D:\PHP\hy\Application\Runtime\Cache\Home\65c76876f326992d4c6c9d868b691e51.php 第 541 行.
NOTIC: [8] Undefined variable: recordMin D:\PHP\hy\Application\Runtime\Cache\Home\65c76876f326992d4c6c9d868b691e51.php 第 543 行.
NOTIC: [8] Undefined variable: consumeMax D:\PHP\hy\Application\Runtime\Cache\Home\65c76876f326992d4c6c9d868b691e51.php 第 561 行.
NOTIC: [8] Undefined variable: consumeMax D:\PHP\hy\Application\Runtime\Cache\Home\65c76876f326992d4c6c9d868b691e51.php 第 563 行.
NOTIC: [8] Undefined variable: consumeMin D:\PHP\hy\Application\Runtime\Cache\Home\65c76876f326992d4c6c9d868b691e51.php 第 573 行.
NOTIC: [8] Undefined variable: nsumeMin D:\PHP\hy\Application\Runtime\Cache\Home\65c76876f326992d4c6c9d868b691e51.php 第 575 行.
NOTIC: [8] Undefined variable: messages D:\PHP\hy\Application\Runtime\Cache\Home\65c76876f326992d4c6c9d868b691e51.php 第 645 行.
NOTIC: [8] Undefined variable: page D:\PHP\hy\Application\Runtime\Cache\Home\65c76876f326992d4c6c9d868b691e51.php 第 652 行.
INFO: Run Behavior\ParseTemplateBehavior [ RunTime:0.072245s ]
INFO: [ view_parse ] --END-- [ RunTime:0.072360s ]
INFO: [ view_filter ] --START--
INFO: Run Behavior\WriteHtmlCacheBehavior [ RunTime:0.000418s ]
INFO: Run Behavior\TokenBuildBehavior [ RunTime:0.001678s ]
INFO: [ view_filter ] --END-- [ RunTime:0.002266s ]
INFO: [ app_end ] --START--
INFO: Run Behavior\ShowPageTraceBehavior [ RunTime:0.001054s ]
INFO: [ app_end ] --END-- [ RunTime:0.001282s ]

[ 2017-08-26T19:49:11+08:00 ] ::1 /index.php/Home/shop/favicon.ico
INFO: [ app_init ] --START--
INFO: Run Behavior\BuildLiteBehavior [ RunTime:0.000039s ]
INFO: [ app_init ] --END-- [ RunTime:0.000781s ]

[ 2017-08-26T19:49:23+08:00 ] ::1 /index.php/Home/shop/usemember
INFO: [ app_init ] --START--
INFO: Run Behavior\BuildLiteBehavior [ RunTime:0.000023s ]
INFO: [ app_init ] --END-- [ RunTime:0.000430s ]
INFO: [ app_begin ] --START--
INFO: Run Behavior\ReadHtmlCacheBehavior [ RunTime:0.000897s ]
INFO: [ app_begin ] --END-- [ RunTime:0.001032s ]
NOTIC: [2048] Declaration of Home\Controller\ShopController::show() should be compatible with Think\Controller::show($content, $charset = '', $contentType = '', $prefix = '') D:\PHP\hy\Application\Home\Controller\ShopController.class.php 第 711 行.
INFO: [ view_parse ] --START--
INFO: [ template_filter ] --START--
INFO: Run Behavior\ContentReplaceBehavior [ RunTime:0.000250s ]
INFO: [ template_filter ] --END-- [ RunTime:0.000370s ]
INFO: Run Behavior\ParseTemplateBehavior [ RunTime:0.146381s ]
INFO: [ view_parse ] --END-- [ RunTime:0.146548s ]
INFO: [ view_filter ] --START--
INFO: Run Behavior\WriteHtmlCacheBehavior [ RunTime:0.000411s ]
INFO: Run Behavior\TokenBuildBehavior [ RunTime:0.001446s ]
INFO: [ view_filter ] --END-- [ RunTime:0.002019s ]
INFO: [ app_end ] --START--
INFO: Run Behavior\ShowPageTraceBehavior [ RunTime:0.001681s ]
INFO: [ app_end ] --END-- [ RunTime:0.002156s ]

[ 2017-08-26T19:50:46+08:00 ] ::1 /index.php/Home/shop/memberadd
INFO: [ app_init ] --START--
INFO: Run Behavior\BuildLiteBehavior [ RunTime:0.000023s ]
INFO: [ app_init ] --END-- [ RunTime:0.000430s ]
INFO: [ app_begin ] --START--
INFO: Run Behavior\ReadHtmlCacheBehavior [ RunTime:0.000737s ]
INFO: [ app_begin ] --END-- [ RunTime:0.000934s ]
NOTIC: [2048] Declaration of Home\Controller\ShopController::show() should be compatible with Think\Controller::show($content, $charset = '', $contentType = '', $prefix = '') D:\PHP\hy\Application\Home\Controller\ShopController.class.php 第 711 行.
INFO: [ view_parse ] --START--
INFO: [ template_filter ] --START--
INFO: Run Behavior\ContentReplaceBehavior [ RunTime:0.000462s ]
INFO: [ template_filter ] --END-- [ RunTime:0.000691s ]
INFO: Run Behavior\ParseTemplateBehavior [ RunTime:0.135114s ]
INFO: [ view_parse ] --END-- [ RunTime:0.135275s ]
INFO: [ view_filter ] --START--
INFO: Run Behavior\WriteHtmlCacheBehavior [ RunTime:0.000405s ]
INFO: Run Behavior\TokenBuildBehavior [ RunTime:0.001306s ]
INFO: [ view_filter ] --END-- [ RunTime:0.001874s ]
INFO: [ app_end ] --START--
INFO: Run Behavior\ShowPageTraceBehavior [ RunTime:0.007995s ]
INFO: [ app_end ] --END-- [ RunTime:0.008267s ]

